<?xml version="1.0" encoding="UTF-8"?>
<testsuite name="com.chandan.urlshortener.common.UrlUtilTest" tests="4" skipped="0" failures="0" errors="0" timestamp="2026-04-13T08:45:32" hostname="CHANDAN" time="0.019">
  <properties/>
  <testcase name="shouldReturnBaseUrlWhenValidUrlSuppliedWithPort()" classname="com.chandan.urlshortener.common.UrlUtilTest" time="0.01"/>
  <testcase name="shouldReturnBaseUrlWhenValidUrlSuppliedWithoutPort()" classname="com.chandan.urlshortener.common.UrlUtilTest" time="0.002"/>
  <testcase name="shouldThrowExceptionWhenMalformedUrlSuppliedWithIllegalChars()" classname="com.chandan.urlshortener.common.UrlUtilTest" time="0.003"/>
  <testcase name="shouldThrowExceptionWhenMalformedUrlSuppliedWithoutProtocol()" classname="com.chandan.urlshortener.common.UrlUtilTest" time="0.002"/>
  <system-out><![CDATA[]]></system-out>
  <system-err><![CDATA[]]></system-err>
</testsuite>
