<?xml version="1.0" encoding="UTF-8"?>
<testsuite name="com.chandan.urlshortener.controller.UrlControllerIntegrationTest" tests="5" skipped="0" failures="0" errors="0" timestamp="2026-04-13T08:45:34" hostname="CHANDAN" time="0.495">
  <properties/>
  <testcase name="givenFullUrlReturnJsonWithShortUrlProp()" classname="com.chandan.urlshortener.controller.UrlControllerIntegrationTest" time="0.378"/>
  <testcase name="shouldNotInsertFullUrlIfAlreadyExists()" classname="com.chandan.urlshortener.controller.UrlControllerIntegrationTest" time="0.047"/>
  <testcase name="givenFullUrlReturnStatusOk()" classname="com.chandan.urlshortener.controller.UrlControllerIntegrationTest" time="0.013"/>
  <testcase name="shouldNotInsertFullUrlIfDoesNotExist()" classname="com.chandan.urlshortener.controller.UrlControllerIntegrationTest" time="0.035"/>
  <testcase name="givenFullUrlReturnJsonWithShortUrlValueHasHttp()" classname="com.chandan.urlshortener.controller.UrlControllerIntegrationTest" time="0.014"/>
  <system-out><![CDATA[2026-04-13T14:15:32.632+05:30  INFO 18624 --- [    Test worker] t.c.s.AnnotationConfigContextLoaderUtils : Could not detect default configuration classes for test class [com.chandan.urlshortener.controller.UrlControllerIntegrationTest]: UrlControllerIntegrationTest does not declare any static, non-private, non-final, nested classes annotated with @Configuration.
2026-04-13T14:15:32.650+05:30  INFO 18624 --- [    Test worker] .b.t.c.SpringBootTestContextBootstrapper : Found @SpringBootConfiguration com.chandan.urlshortener.UrlShortenerApplication for test class com.chandan.urlshortener.controller.UrlControllerIntegrationTest

  .   ____          _            __ _ _
 /\\ / ___'_ __ _ _(_)_ __  __ _ \ \ \ \
( ( )\___ | '_ | '_| | '_ \/ _` | \ \ \ \
 \\/  ___)| |_)| | | | | || (_| |  ) ) ) )
  '  |____| .__|_| |_|_| |_\__, | / / / /
 =========|_|==============|___/=/_/_/_/
 :: Spring Boot ::                (v3.2.4)

2026-04-13T14:15:32.681+05:30  INFO 18624 --- [    Test worker] c.c.u.c.UrlControllerIntegrationTest     : Starting UrlControllerIntegrationTest using Java 21.0.8 with PID 18624 (started by chandu in D:\testing\url-shortener)
2026-04-13T14:15:32.682+05:30  INFO 18624 --- [    Test worker] c.c.u.c.UrlControllerIntegrationTest     : No active profile set, falling back to 1 default profile: "default"
2026-04-13T14:15:32.937+05:30  INFO 18624 --- [    Test worker] .s.d.r.c.RepositoryConfigurationDelegate : Bootstrapping Spring Data JPA repositories in DEFAULT mode.
2026-04-13T14:15:32.944+05:30  INFO 18624 --- [    Test worker] .s.d.r.c.RepositoryConfigurationDelegate : Finished Spring Data repository scanning in 6 ms. Found 1 JPA repository interface.
2026-04-13T14:15:33.313+05:30  INFO 18624 --- [    Test worker] o.s.b.w.embedded.tomcat.TomcatWebServer  : Tomcat initialized with port 0 (http)
2026-04-13T14:15:33.330+05:30  INFO 18624 --- [    Test worker] o.apache.catalina.core.StandardService   : Starting service [Tomcat]
2026-04-13T14:15:33.331+05:30  INFO 18624 --- [    Test worker] o.apache.catalina.core.StandardEngine    : Starting Servlet engine: [Apache Tomcat/10.1.19]
2026-04-13T14:15:33.416+05:30  INFO 18624 --- [    Test worker] o.a.c.c.C.[Tomcat].[localhost].[/]       : Initializing Spring embedded WebApplicationContext
2026-04-13T14:15:33.417+05:30  INFO 18624 --- [    Test worker] w.s.c.ServletWebServerApplicationContext : Root WebApplicationContext: initialization completed in 732 ms
Standard Commons Logging discovery in action with spring-jcl: please remove commons-logging.jar from classpath in order to avoid potential conflicts
2026-04-13T14:15:33.594+05:30  INFO 18624 --- [    Test worker] com.zaxxer.hikari.HikariDataSource       : HikariPool-2 - Starting...
2026-04-13T14:15:33.598+05:30  INFO 18624 --- [    Test worker] com.zaxxer.hikari.pool.HikariPool        : HikariPool-2 - Added connection conn10: url=jdbc:h2:mem:db user=SA
2026-04-13T14:15:33.599+05:30  INFO 18624 --- [    Test worker] com.zaxxer.hikari.HikariDataSource       : HikariPool-2 - Start completed.
2026-04-13T14:15:33.603+05:30  INFO 18624 --- [    Test worker] o.hibernate.jpa.internal.util.LogHelper  : HHH000204: Processing PersistenceUnitInfo [name: default]
2026-04-13T14:15:33.622+05:30  INFO 18624 --- [    Test worker] o.h.c.internal.RegionFactoryInitiator    : HHH000026: Second-level cache disabled
2026-04-13T14:15:33.630+05:30  INFO 18624 --- [    Test worker] o.s.o.j.p.SpringPersistenceUnitInfo      : No LoadTimeWeaver setup: ignoring JPA class transformer
2026-04-13T14:15:33.683+05:30  INFO 18624 --- [    Test worker] o.h.e.t.j.p.i.JtaPlatformInitiator       : HHH000489: No JTA platform available (set 'hibernate.transaction.jta.platform' to enable JTA platform integration)
2026-04-13T14:15:33.689+05:30  INFO 18624 --- [    Test worker] j.LocalContainerEntityManagerFactoryBean : Initialized JPA EntityManagerFactory for persistence unit 'default'
2026-04-13T14:15:33.873+05:30  WARN 18624 --- [    Test worker] JpaBaseConfiguration$JpaWebConfiguration : spring.jpa.open-in-view is enabled by default. Therefore, database queries may be performed during view rendering. Explicitly configure spring.jpa.open-in-view to disable this warning
2026-04-13T14:15:33.906+05:30  INFO 18624 --- [    Test worker] o.s.b.a.w.s.WelcomePageHandlerMapping    : Adding welcome page: class path resource [static/index.html]
2026-04-13T14:15:34.181+05:30  INFO 18624 --- [    Test worker] o.a.c.c.C.[Tomcat].[localhost].[/]       : Initializing Spring TestDispatcherServlet ''
2026-04-13T14:15:34.181+05:30  INFO 18624 --- [    Test worker] o.s.t.web.servlet.TestDispatcherServlet  : Initializing Servlet ''
2026-04-13T14:15:34.187+05:30  INFO 18624 --- [    Test worker] o.s.b.a.e.web.EndpointLinksResolver      : Exposing 1 endpoint(s) beneath base path '/actuator'
2026-04-13T14:15:34.194+05:30  INFO 18624 --- [    Test worker] o.s.t.web.servlet.TestDispatcherServlet  : Completed initialization in 13 ms
2026-04-13T14:15:34.243+05:30  INFO 18624 --- [    Test worker] o.s.b.w.embedded.tomcat.TomcatWebServer  : Tomcat started on port 61158 (http) with context path ''
2026-04-13T14:15:34.249+05:30  INFO 18624 --- [    Test worker] c.c.u.c.UrlControllerIntegrationTest     : Started UrlControllerIntegrationTest in 1.595 seconds (process running for 10.064)
2026-04-13T14:15:34.414+05:30  INFO 18624 --- [    Test worker] c.c.urlshortener.service.UrlService      : Checking if the url already exists
2026-04-13T14:15:34.544+05:30  INFO 18624 --- [    Test worker] c.c.urlshortener.service.UrlService      : Saving Url https://example.com/foo to database
2026-04-13T14:15:34.581+05:30  INFO 18624 --- [    Test worker] c.c.urlshortener.service.UrlService      : Converted Base 10 1 to Base 62 string h
2026-04-13T14:15:34.642+05:30  INFO 18624 --- [    Test worker] c.c.urlshortener.service.UrlService      : Checking if the url already exists
2026-04-13T14:15:34.653+05:30  INFO 18624 --- [    Test worker] c.c.urlshortener.service.UrlService      : url: Url{id=1, fullUrl='https://example.com/foo', shortUrl='null'} already exists in the database. skipped insert
2026-04-13T14:15:34.654+05:30  INFO 18624 --- [    Test worker] c.c.urlshortener.service.UrlService      : Converted Base 10 1 to Base 62 string h
2026-04-13T14:15:34.675+05:30  INFO 18624 --- [    Test worker] c.c.urlshortener.service.UrlService      : Checking if the url already exists
2026-04-13T14:15:34.677+05:30  INFO 18624 --- [    Test worker] c.c.urlshortener.service.UrlService      : url: Url{id=1, fullUrl='https://example.com/foo', shortUrl='null'} already exists in the database. skipped insert
2026-04-13T14:15:34.678+05:30  INFO 18624 --- [    Test worker] c.c.urlshortener.service.UrlService      : Converted Base 10 1 to Base 62 string h
2026-04-13T14:15:34.692+05:30  INFO 18624 --- [    Test worker] c.c.urlshortener.service.UrlService      : Checking if the url already exists
2026-04-13T14:15:34.694+05:30  INFO 18624 --- [    Test worker] c.c.urlshortener.service.UrlService      : url: Url{id=1, fullUrl='https://example.com/foo', shortUrl='null'} already exists in the database. skipped insert
2026-04-13T14:15:34.695+05:30  INFO 18624 --- [    Test worker] c.c.urlshortener.service.UrlService      : Converted Base 10 1 to Base 62 string h
2026-04-13T14:15:34.707+05:30  INFO 18624 --- [    Test worker] c.c.urlshortener.service.UrlService      : Checking if the url already exists
2026-04-13T14:15:34.710+05:30  INFO 18624 --- [    Test worker] c.c.urlshortener.service.UrlService      : Saving Url https://example.com/foo1 to database
2026-04-13T14:15:34.713+05:30  INFO 18624 --- [    Test worker] c.c.urlshortener.service.UrlService      : Converted Base 10 2 to Base 62 string e
2026-04-13T14:15:34.723+05:30  INFO 18624 --- [    Test worker] c.c.urlshortener.service.UrlService      : Checking if the url already exists
2026-04-13T14:15:34.726+05:30  INFO 18624 --- [    Test worker] c.c.urlshortener.service.UrlService      : Saving Url https://example.com/foo2 to database
2026-04-13T14:15:34.730+05:30  INFO 18624 --- [    Test worker] c.c.urlshortener.service.UrlService      : Converted Base 10 3 to Base 62 string o
2026-04-13T14:15:34.743+05:30  INFO 18624 --- [    Test worker] c.c.urlshortener.service.UrlService      : Checking if the url already exists
2026-04-13T14:15:34.746+05:30  INFO 18624 --- [    Test worker] c.c.urlshortener.service.UrlService      : url: Url{id=1, fullUrl='https://example.com/foo', shortUrl='null'} already exists in the database. skipped insert
2026-04-13T14:15:34.747+05:30  INFO 18624 --- [    Test worker] c.c.urlshortener.service.UrlService      : Converted Base 10 1 to Base 62 string h
]]></system-out>
  <system-err><![CDATA[]]></system-err>
</testsuite>
