<?xml version="1.0" encoding="UTF-8"?>
<testsuite name="com.chandan.urlshortener.common.ShorteningUtilTest" tests="2" skipped="0" failures="0" errors="0" timestamp="2026-04-13T08:45:32" hostname="CHANDAN" time="0.028">
  <properties/>
  <testcase name="shouldConvertMaxLongToShortString()" classname="com.chandan.urlshortener.common.ShorteningUtilTest" time="0.025"/>
  <testcase name="shouldThrowExceptionWhenShortStrLongerThanTenChars()" classname="com.chandan.urlshortener.common.ShorteningUtilTest" time="0.002"/>
  <system-out><![CDATA[]]></system-out>
  <system-err><![CDATA[]]></system-err>
</testsuite>
