<?xml version="1.0" encoding="UTF-8"?>
<testsuite name="com.chandan.urlshortener.UrlShortenerApplicationTests" tests="1" skipped="0" failures="0" errors="0" timestamp="2026-04-13T08:45:31" hostname="CHANDAN" time="0.624">
  <properties/>
  <testcase name="contextLoads()" classname="com.chandan.urlshortener.UrlShortenerApplicationTests" time="0.624"/>
  <system-out><![CDATA[Standard Commons Logging discovery in action with spring-jcl: please remove commons-logging.jar from classpath in order to avoid potential conflicts
14:15:25.301 [Test worker] INFO org.springframework.test.context.support.AnnotationConfigContextLoaderUtils -- Could not detect default configuration classes for test class [com.chandan.urlshortener.UrlShortenerApplicationTests]: UrlShortenerApplicationTests does not declare any static, non-private, non-final, nested classes annotated with @Configuration.
14:15:25.447 [Test worker] INFO org.springframework.boot.test.context.SpringBootTestContextBootstrapper -- Found @SpringBootConfiguration com.chandan.urlshortener.UrlShortenerApplication for test class com.chandan.urlshortener.UrlShortenerApplicationTests

  .   ____          _            __ _ _
 /\\ / ___'_ __ _ _(_)_ __  __ _ \ \ \ \
( ( )\___ | '_ | '_| | '_ \/ _` | \ \ \ \
 \\/  ___)| |_)| | | | | || (_| |  ) ) ) )
  '  |____| .__|_| |_|_| |_\__, | / / / /
 =========|_|==============|___/=/_/_/_/
 :: Spring Boot ::                (v3.2.4)

2026-04-13T14:15:25.875+05:30  INFO 18624 --- [    Test worker] c.c.u.UrlShortenerApplicationTests       : Starting UrlShortenerApplicationTests using Java 21.0.8 with PID 18624 (started by chandu in D:\testing\url-shortener)
2026-04-13T14:15:25.877+05:30  INFO 18624 --- [    Test worker] c.c.u.UrlShortenerApplicationTests       : No active profile set, falling back to 1 default profile: "default"
2026-04-13T14:15:26.585+05:30  INFO 18624 --- [    Test worker] .s.d.r.c.RepositoryConfigurationDelegate : Bootstrapping Spring Data JPA repositories in DEFAULT mode.
2026-04-13T14:15:26.624+05:30  INFO 18624 --- [    Test worker] .s.d.r.c.RepositoryConfigurationDelegate : Finished Spring Data repository scanning in 31 ms. Found 1 JPA repository interface.
2026-04-13T14:15:27.715+05:30  INFO 18624 --- [    Test worker] com.zaxxer.hikari.HikariDataSource       : HikariPool-1 - Starting...
2026-04-13T14:15:27.913+05:30  INFO 18624 --- [    Test worker] com.zaxxer.hikari.pool.HikariPool        : HikariPool-1 - Added connection conn0: url=jdbc:h2:mem:db user=SA
2026-04-13T14:15:27.915+05:30  INFO 18624 --- [    Test worker] com.zaxxer.hikari.HikariDataSource       : HikariPool-1 - Start completed.
2026-04-13T14:15:27.980+05:30  INFO 18624 --- [    Test worker] o.hibernate.jpa.internal.util.LogHelper  : HHH000204: Processing PersistenceUnitInfo [name: default]
2026-04-13T14:15:28.102+05:30  INFO 18624 --- [    Test worker] org.hibernate.Version                    : HHH000412: Hibernate ORM core version 6.4.4.Final
2026-04-13T14:15:28.164+05:30  INFO 18624 --- [    Test worker] o.h.c.internal.RegionFactoryInitiator    : HHH000026: Second-level cache disabled
2026-04-13T14:15:28.451+05:30  INFO 18624 --- [    Test worker] o.s.o.j.p.SpringPersistenceUnitInfo      : No LoadTimeWeaver setup: ignoring JPA class transformer
2026-04-13T14:15:29.310+05:30  INFO 18624 --- [    Test worker] o.h.e.t.j.p.i.JtaPlatformInitiator       : HHH000489: No JTA platform available (set 'hibernate.transaction.jta.platform' to enable JTA platform integration)
2026-04-13T14:15:29.340+05:30  INFO 18624 --- [    Test worker] j.LocalContainerEntityManagerFactoryBean : Initialized JPA EntityManagerFactory for persistence unit 'default'
2026-04-13T14:15:29.872+05:30  INFO 18624 --- [    Test worker] o.s.d.j.r.query.QueryEnhancerFactory     : Hibernate is in classpath; If applicable, HQL parser will be used.
2026-04-13T14:15:30.649+05:30  WARN 18624 --- [    Test worker] JpaBaseConfiguration$JpaWebConfiguration : spring.jpa.open-in-view is enabled by default. Therefore, database queries may be performed during view rendering. Explicitly configure spring.jpa.open-in-view to disable this warning
2026-04-13T14:15:30.708+05:30  INFO 18624 --- [    Test worker] o.s.b.a.w.s.WelcomePageHandlerMapping    : Adding welcome page: class path resource [static/index.html]
2026-04-13T14:15:31.700+05:30  INFO 18624 --- [    Test worker] o.s.b.a.e.web.EndpointLinksResolver      : Exposing 1 endpoint(s) beneath base path '/actuator'
2026-04-13T14:15:31.804+05:30  INFO 18624 --- [    Test worker] c.c.u.UrlShortenerApplicationTests       : Started UrlShortenerApplicationTests in 6.196 seconds (process running for 7.618)
]]></system-out>
  <system-err><![CDATA[WARNING: A Java agent has been loaded dynamically (C:\Users\chandu\.gradle\caches\modules-2\files-2.1\net.bytebuddy\byte-buddy-agent\1.14.12\be4984cb6fd1ef1d11f218a648889dfda44b8a15\byte-buddy-agent-1.14.12.jar)
WARNING: If a serviceability tool is in use, please run with -XX:+EnableDynamicAgentLoading to hide this warning
WARNING: If a serviceability tool is not in use, please run with -Djdk.instrument.traceUsage for more information
WARNING: Dynamic loading of agents will be disallowed by default in a future release
]]></system-err>
</testsuite>
