<?xml version="1.0" encoding="UTF-8"?>
<testsuite name="com.chandan.urlshortener.repository.UrlRepositoryIntegrationTest" tests="1" skipped="0" failures="0" errors="0" timestamp="2026-04-13T08:45:35" hostname="CHANDAN" time="0.042">
  <properties/>
  <testcase name="shouldInsertAndGetFullurl()" classname="com.chandan.urlshortener.repository.UrlRepositoryIntegrationTest" time="0.042"/>
  <system-out><![CDATA[2026-04-13T14:15:34.760+05:30  INFO 18624 --- [    Test worker] t.c.s.AnnotationConfigContextLoaderUtils : Could not detect default configuration classes for test class [com.chandan.urlshortener.repository.UrlRepositoryIntegrationTest]: UrlRepositoryIntegrationTest does not declare any static, non-private, non-final, nested classes annotated with @Configuration.
2026-04-13T14:15:34.797+05:30  INFO 18624 --- [    Test worker] .b.t.c.SpringBootTestContextBootstrapper : Found @SpringBootConfiguration com.chandan.urlshortener.UrlShortenerApplication for test class com.chandan.urlshortener.repository.UrlRepositoryIntegrationTest

  .   ____          _            __ _ _
 /\\ / ___'_ __ _ _(_)_ __  __ _ \ \ \ \
( ( )\___ | '_ | '_| | '_ \/ _` | \ \ \ \
 \\/  ___)| |_)| | | | | || (_| |  ) ) ) )
  '  |____| .__|_| |_|_| |_\__, | / / / /
 =========|_|==============|___/=/_/_/_/
 :: Spring Boot ::                (v3.2.4)

2026-04-13T14:15:34.853+05:30  INFO 18624 --- [    Test worker] c.c.u.r.UrlRepositoryIntegrationTest     : Starting UrlRepositoryIntegrationTest using Java 21.0.8 with PID 18624 (started by chandu in D:\testing\url-shortener)
2026-04-13T14:15:34.855+05:30  INFO 18624 --- [    Test worker] c.c.u.r.UrlRepositoryIntegrationTest     : No active profile set, falling back to 1 default profile: "default"
2026-04-13T14:15:34.948+05:30  INFO 18624 --- [    Test worker] .s.d.r.c.RepositoryConfigurationDelegate : Bootstrapping Spring Data JPA repositories in DEFAULT mode.
2026-04-13T14:15:34.956+05:30  INFO 18624 --- [    Test worker] .s.d.r.c.RepositoryConfigurationDelegate : Finished Spring Data repository scanning in 6 ms. Found 1 JPA repository interface.
2026-04-13T14:15:34.978+05:30  INFO 18624 --- [    Test worker] beddedDataSourceBeanFactoryPostProcessor : Replacing 'dataSource' DataSource bean with embedded version
2026-04-13T14:15:35.008+05:30  INFO 18624 --- [    Test worker] o.s.j.d.e.EmbeddedDatabaseFactory        : Starting embedded database: url='jdbc:h2:mem:5f728e3f-e4a0-4cfa-963c-d13bd1f13852;DB_CLOSE_DELAY=-1;DB_CLOSE_ON_EXIT=false', username='sa'
2026-04-13T14:15:35.035+05:30  INFO 18624 --- [    Test worker] o.hibernate.jpa.internal.util.LogHelper  : HHH000204: Processing PersistenceUnitInfo [name: default]
2026-04-13T14:15:35.039+05:30  INFO 18624 --- [    Test worker] o.h.c.internal.RegionFactoryInitiator    : HHH000026: Second-level cache disabled
2026-04-13T14:15:35.044+05:30  INFO 18624 --- [    Test worker] o.s.o.j.p.SpringPersistenceUnitInfo      : No LoadTimeWeaver setup: ignoring JPA class transformer
2026-04-13T14:15:35.083+05:30  INFO 18624 --- [    Test worker] o.h.e.t.j.p.i.JtaPlatformInitiator       : HHH000489: No JTA platform available (set 'hibernate.transaction.jta.platform' to enable JTA platform integration)
Hibernate: drop table if exists url cascade 
Hibernate: create table url (id bigint generated by default as identity, full_url varchar(255), short_url varchar(255), primary key (id))
2026-04-13T14:15:35.086+05:30  INFO 18624 --- [    Test worker] j.LocalContainerEntityManagerFactoryBean : Initialized JPA EntityManagerFactory for persistence unit 'default'
2026-04-13T14:15:35.122+05:30  INFO 18624 --- [    Test worker] c.c.u.r.UrlRepositoryIntegrationTest     : Started UrlRepositoryIntegrationTest in 0.319 seconds (process running for 10.937)
Hibernate: insert into url (full_url,short_url,id) values (?,?,default)
]]></system-out>
  <system-err><![CDATA[]]></system-err>
</testsuite>
